<?xml version="1.0" encoding="UTF-8"?>
<!-- Generated by org.testng.reporters.JUnitReportReporter -->
<testsuite hostname="DESKTOP-I7GH3LQ" failures="0" tests="1" name="com.store.testlayer.LoginPageTest" time="22.154" errors="0" timestamp="2023-02-25T20:52:07 IST" skipped="0">
  <testcase classname="com.store.testlayer.LoginPageTest" name="storeUserLoginUsingValidCredential" time="22.154"/>
  <system-out/>
</testsuite> <!-- com.store.testlayer.LoginPageTest -->
